<?xml version="1.0" encoding="UTF-8"?>
<!-- Generated by org.testng.reporters.JUnitReportReporter -->
<testsuite skipped="0" hostname="lenovo" name="com.hm.test.runner.TestRunner" tests="2" failures="0" timestamp="2021-10-27T17:14:27 IST" time="2.704" errors="2">
  <testcase name="runScenario" time="0.073" classname="com.hm.test.runner.TestRunner">
    <error type="java.lang.NullPointerException">
      <![CDATA[java.lang.NullPointerException
at java.util.Properties$LineReader.readLine(Properties.java:434)
at java.util.Properties.load0(Properties.java:353)
at java.util.Properties.load(Properties.java:341)
at com.hm.framework.config.ConfigReader.ReadProperty(ConfigReader.java:22)
at com.hm.framework.config.ConfigReader.PopulateSettings(ConfigReader.java:13)
at com.hm.test.steps.TestInitialize.Initialize(TestInitialize.java:33)
]]>
    </error>
  </testcase> <!-- runScenario -->
  <system-out/>
  <testcase name="runScenario" time="2.631" classname="com.hm.test.runner.TestRunner">
    <error type="java.lang.NullPointerException">
      <![CDATA[java.lang.NullPointerException
at java.util.Properties$LineReader.readLine(Properties.java:434)
at java.util.Properties.load0(Properties.java:353)
at java.util.Properties.load(Properties.java:341)
at com.hm.framework.config.ConfigReader.ReadProperty(ConfigReader.java:22)
at com.hm.framework.config.ConfigReader.PopulateSettings(ConfigReader.java:13)
at com.hm.test.steps.TestInitialize.Initialize(TestInitialize.java:33)
]]>
    </error>
  </testcase> <!-- runScenario -->
  <system-out/>
</testsuite> <!-- com.hm.test.runner.TestRunner -->
