<?xml version="1.0" encoding="UTF-8"?>
<!-- Generated by org.testng.reporters.JUnitReportReporter -->
<testsuite skipped="0" hostname="lenovo" name="com.hm.test.runner.TestRunner" tests="2" failures="0" timestamp="2021-10-27T01:46:31 IST" time="38.300" errors="0">
  <testcase name="runScenario" time="22.018" classname="com.hm.test.runner.TestRunner"/>
  <system-out/>
  <testcase name="runScenario" time="16.282" classname="com.hm.test.runner.TestRunner"/>
  <system-out/>
</testsuite> <!-- com.hm.test.runner.TestRunner -->
